{"C:\\Users\\Mr_ScoField\\OneDrive\\Olyxee\\Projects\\Addup\\src\\index.ts": {"path":"C:\\Users\\Mr_ScoField\\OneDrive\\Olyxee\\Projects\\Addup\\src\\index.ts","statementMap":{"0":{"start":{"line":1,"column":0},"end":{"line":1,"column":30}},"1":{"start":{"line":2,"column":0},"end":{"line":2,"column":37}},"2":{"start":{"line":3,"column":0},"end":{"line":3,"column":66}},"3":{"start":{"line":4,"column":0},"end":{"line":4,"column":30}},"4":{"start":{"line":6,"column":12},"end":{"line":6,"column":21}},"5":{"start":{"line":7,"column":0},"end":{"line":7,"column":27}},"6":{"start":{"line":9,"column":0},"end":{"line":9,"column":53}},"7":{"start":{"line":11,"column":13},"end":{"line":11,"column":37}},"8":{"start":{"line":13,"column":0},"end":{"line":17,"column":1}},"9":{"start":{"line":14,"column":4},"end":{"line":16,"column":7}},"10":{"start":{"line":15,"column":8},"end":{"line":15,"column":65}},"11":{"start":{"line":19,"column":0},"end":{"line":19,"column":19}}},"fnMap":{"0":{"name":"(anonymous_1)","decl":{"start":{"line":14,"column":21},"end":{"line":14,"column":24}},"loc":{"start":{"line":14,"column":26},"end":{"line":16,"column":5}}}},"branchMap":{"0":{"loc":{"start":{"line":11,"column":13},"end":{"line":11,"column":37}},"type":"binary-expr","locations":[{"start":{"line":11,"column":13},"end":{"line":11,"column":29}},{"start":{"line":11,"column":33},"end":{"line":11,"column":37}}]},"1":{"loc":{"start":{"line":13,"column":0},"end":{"line":17,"column":1}},"type":"if","locations":[{"start":{"line":13,"column":0},"end":{"line":17,"column":1}}]}},"s":{"0":1,"1":1,"2":1,"3":1,"4":1,"5":1,"6":1,"7":1,"8":1,"9":0,"10":0,"11":1},"f":{"0":0},"b":{"0":[1,1],"1":[0]}}
,"C:\\Users\\Mr_ScoField\\OneDrive\\Olyxee\\Projects\\Addup\\src\\logger.ts": {"path":"C:\\Users\\Mr_ScoField\\OneDrive\\Olyxee\\Projects\\Addup\\src\\logger.ts","statementMap":{"0":{"start":{"line":1,"column":0},"end":{"line":1,"column":24}},"1":{"start":{"line":3,"column":15},"end":{"line":3,"column":63}},"2":{"start":{"line":5,"column":0},"end":{"line":5,"column":22}}},"fnMap":{},"branchMap":{"0":{"loc":{"start":{"line":3,"column":29},"end":{"line":3,"column":60}},"type":"binary-expr","locations":[{"start":{"line":3,"column":29},"end":{"line":3,"column":50}},{"start":{"line":3,"column":54},"end":{"line":3,"column":60}}]}},"s":{"0":1,"1":1,"2":1},"f":{},"b":{"0":[1,1]}}
,"C:\\Users\\Mr_ScoField\\OneDrive\\Olyxee\\Projects\\Addup\\src\\controllers\\reconciliation.controller.ts": {"path":"C:\\Users\\Mr_ScoField\\OneDrive\\Olyxee\\Projects\\Addup\\src\\controllers\\reconciliation.controller.ts","statementMap":{"0":{"start":{"line":4,"column":0},"end":{"line":4,"column":7}},"1":{"start":{"line":21,"column":0},"end":{"line":21,"column":7}},"2":{"start":{"line":2,"column":0},"end":{"line":2,"column":67}},"3":{"start":{"line":5,"column":4},"end":{"line":18,"column":5}},"4":{"start":{"line":6,"column":22},"end":{"line":6,"column":38}},"5":{"start":{"line":7,"column":25},"end":{"line":7,"column":45}},"6":{"start":{"line":8,"column":27},"end":{"line":8,"column":49}},"7":{"start":{"line":10,"column":8},"end":{"line":12,"column":9}},"8":{"start":{"line":11,"column":12},"end":{"line":11,"column":96}},"9":{"start":{"line":14,"column":23},"end":{"line":14,"column":64}},"10":{"start":{"line":15,"column":8},"end":{"line":15,"column":44}},"11":{"start":{"line":17,"column":8},"end":{"line":17,"column":80}},"12":{"start":{"line":22,"column":4},"end":{"line":31,"column":5}},"13":{"start":{"line":23,"column":23},"end":{"line":23,"column":40}},"14":{"start":{"line":24,"column":8},"end":{"line":24,"column":79}},"15":{"start":{"line":24,"column":21},"end":{"line":24,"column":79}},"16":{"start":{"line":25,"column":27},"end":{"line":25,"column":64}},"17":{"start":{"line":26,"column":20},"end":{"line":26,"column":34}},"18":{"start":{"line":27,"column":8},"end":{"line":27,"column":74}},"19":{"start":{"line":27,"column":18},"end":{"line":27,"column":74}},"20":{"start":{"line":28,"column":8},"end":{"line":28,"column":41}},"21":{"start":{"line":30,"column":8},"end":{"line":30,"column":80}},"22":{"start":{"line":34,"column":0},"end":{"line":34,"column":36}}},"fnMap":{"0":{"name":"uploadController","decl":{"start":{"line":4,"column":22},"end":{"line":4,"column":38}},"loc":{"start":{"line":4,"column":66},"end":{"line":19,"column":1}}},"1":{"name":"getJobController","decl":{"start":{"line":21,"column":22},"end":{"line":21,"column":38}},"loc":{"start":{"line":21,"column":66},"end":{"line":32,"column":1}}},"2":{"name":"(anonymous_11)","decl":{"start":{"line":25,"column":27},"end":{"line":25,"column":40}},"loc":{"start":{"line":25,"column":27},"end":{"line":25,"column":64}}}},"branchMap":{"0":{"loc":{"start":{"line":10,"column":8},"end":{"line":12,"column":9}},"type":"if","locations":[{"start":{"line":10,"column":8},"end":{"line":12,"column":9}}]},"1":{"loc":{"start":{"line":10,"column":12},"end":{"line":10,"column":36}},"type":"binary-expr","locations":[{"start":{"line":10,"column":12},"end":{"line":10,"column":21}},{"start":{"line":10,"column":25},"end":{"line":10,"column":36}}]},"2":{"loc":{"start":{"line":17,"column":45},"end":{"line":17,"column":76}},"type":"binary-expr","locations":[{"start":{"line":17,"column":45},"end":{"line":17,"column":56}},{"start":{"line":17,"column":60},"end":{"line":17,"column":76}}]},"3":{"loc":{"start":{"line":24,"column":8},"end":{"line":24,"column":79}},"type":"if","locations":[{"start":{"line":24,"column":8},"end":{"line":24,"column":79}}]},"4":{"loc":{"start":{"line":27,"column":8},"end":{"line":27,"column":74}},"type":"if","locations":[{"start":{"line":27,"column":8},"end":{"line":27,"column":74}}]},"5":{"loc":{"start":{"line":30,"column":45},"end":{"line":30,"column":76}},"type":"binary-expr","locations":[{"start":{"line":30,"column":45},"end":{"line":30,"column":56}},{"start":{"line":30,"column":60},"end":{"line":30,"column":76}}]}},"s":{"0":1,"1":1,"2":1,"3":1,"4":1,"5":1,"6":1,"7":1,"8":0,"9":1,"10":1,"11":0,"12":0,"13":0,"14":0,"15":0,"16":0,"17":0,"18":0,"19":0,"20":0,"21":0,"22":1},"f":{"0":1,"1":0,"2":0},"b":{"0":[0],"1":[1,1],"2":[0,0],"3":[0],"4":[0],"5":[0,0]}}
,"C:\\Users\\Mr_ScoField\\OneDrive\\Olyxee\\Projects\\Addup\\src\\db\\store.ts": {"path":"C:\\Users\\Mr_ScoField\\OneDrive\\Olyxee\\Projects\\Addup\\src\\db\\store.ts","statementMap":{"0":{"start":{"line":12,"column":0},"end":{"line":12,"column":16}},"1":{"start":{"line":19,"column":0},"end":{"line":19,"column":16}},"2":{"start":{"line":1,"column":0},"end":{"line":1,"column":20}},"3":{"start":{"line":2,"column":0},"end":{"line":2,"column":24}},"4":{"start":{"line":4,"column":15},"end":{"line":4,"column":74}},"5":{"start":{"line":5,"column":18},"end":{"line":5,"column":48}},"6":{"start":{"line":8,"column":4},"end":{"line":8,"column":74}},"7":{"start":{"line":8,"column":32},"end":{"line":8,"column":74}},"8":{"start":{"line":9,"column":4},"end":{"line":9,"column":91}},"9":{"start":{"line":9,"column":35},"end":{"line":9,"column":91}},"10":{"start":{"line":13,"column":4},"end":{"line":13,"column":16}},"11":{"start":{"line":14,"column":17},"end":{"line":14,"column":71}},"12":{"start":{"line":15,"column":4},"end":{"line":15,"column":91}},"13":{"start":{"line":16,"column":4},"end":{"line":16,"column":71}},"14":{"start":{"line":20,"column":4},"end":{"line":20,"column":16}},"15":{"start":{"line":21,"column":17},"end":{"line":21,"column":71}},"16":{"start":{"line":22,"column":18},"end":{"line":22,"column":30}},"17":{"start":{"line":23,"column":4},"end":{"line":23,"column":28}},"18":{"start":{"line":23,"column":16},"end":{"line":23,"column":28}},"19":{"start":{"line":24,"column":4},"end":{"line":24,"column":112}},"20":{"start":{"line":27,"column":0},"end":{"line":27,"column":40}}},"fnMap":{"0":{"name":"ensureDir","decl":{"start":{"line":7,"column":9},"end":{"line":7,"column":18}},"loc":{"start":{"line":7,"column":18},"end":{"line":10,"column":1}}},"1":{"name":"insertJob","decl":{"start":{"line":12,"column":16},"end":{"line":12,"column":25}},"loc":{"start":{"line":12,"column":66},"end":{"line":17,"column":1}}},"2":{"name":"getJobRow","decl":{"start":{"line":19,"column":16},"end":{"line":19,"column":25}},"loc":{"start":{"line":19,"column":40},"end":{"line":25,"column":1}}}},"branchMap":{"0":{"loc":{"start":{"line":4,"column":15},"end":{"line":4,"column":74}},"type":"binary-expr","locations":[{"start":{"line":4,"column":15},"end":{"line":4,"column":40}},{"start":{"line":4,"column":44},"end":{"line":4,"column":74}}]},"1":{"loc":{"start":{"line":8,"column":4},"end":{"line":8,"column":74}},"type":"if","locations":[{"start":{"line":8,"column":4},"end":{"line":8,"column":74}}]},"2":{"loc":{"start":{"line":9,"column":4},"end":{"line":9,"column":91}},"type":"if","locations":[{"start":{"line":9,"column":4},"end":{"line":9,"column":91}}]},"3":{"loc":{"start":{"line":14,"column":28},"end":{"line":14,"column":70}},"type":"binary-expr","locations":[{"start":{"line":14,"column":28},"end":{"line":14,"column":62}},{"start":{"line":14,"column":66},"end":{"line":14,"column":70}}]},"4":{"loc":{"start":{"line":15,"column":36},"end":{"line":15,"column":50}},"type":"binary-expr","locations":[{"start":{"line":15,"column":36},"end":{"line":15,"column":42}},{"start":{"line":15,"column":46},"end":{"line":15,"column":50}}]},"5":{"loc":{"start":{"line":21,"column":28},"end":{"line":21,"column":70}},"type":"binary-expr","locations":[{"start":{"line":21,"column":28},"end":{"line":21,"column":62}},{"start":{"line":21,"column":66},"end":{"line":21,"column":70}}]},"6":{"loc":{"start":{"line":23,"column":4},"end":{"line":23,"column":28}},"type":"if","locations":[{"start":{"line":23,"column":4},"end":{"line":23,"column":28}}]},"7":{"loc":{"start":{"line":24,"column":49},"end":{"line":24,"column":69}},"type":"binary-expr","locations":[{"start":{"line":24,"column":49},"end":{"line":24,"column":61}},{"start":{"line":24,"column":65},"end":{"line":24,"column":69}}]}},"s":{"0":1,"1":1,"2":1,"3":1,"4":1,"5":1,"6":1,"7":0,"8":1,"9":0,"10":1,"11":1,"12":1,"13":1,"14":0,"15":0,"16":0,"17":0,"18":0,"19":0,"20":1},"f":{"0":1,"1":1,"2":0},"b":{"0":[1,1],"1":[0],"2":[0],"3":[1,0],"4":[1,0],"5":[0,0],"6":[0],"7":[0,0]}}
,"C:\\Users\\Mr_ScoField\\OneDrive\\Olyxee\\Projects\\Addup\\src\\normalizers\\bankNormalizer.ts": {"path":"C:\\Users\\Mr_ScoField\\OneDrive\\Olyxee\\Projects\\Addup\\src\\normalizers\\bankNormalizer.ts","statementMap":{"0":{"start":{"line":1,"column":0},"end":{"line":1,"column":24}},"1":{"start":{"line":2,"column":16},"end":{"line":9,"column":6}},"2":{"start":{"line":10,"column":4},"end":{"line":10,"column":15}}},"fnMap":{"0":{"name":"bankNormalizer","decl":{"start":{"line":1,"column":24},"end":{"line":1,"column":38}},"loc":{"start":{"line":1,"column":47},"end":{"line":11,"column":1}}}},"branchMap":{"0":{"loc":{"start":{"line":3,"column":14},"end":{"line":3,"column":65}},"type":"binary-expr","locations":[{"start":{"line":3,"column":14},"end":{"line":3,"column":22}},{"start":{"line":3,"column":26},"end":{"line":3,"column":46}},{"start":{"line":3,"column":50},"end":{"line":3,"column":65}}]},"1":{"loc":{"start":{"line":4,"column":21},"end":{"line":4,"column":68}},"type":"binary-expr","locations":[{"start":{"line":4,"column":21},"end":{"line":4,"column":36}},{"start":{"line":4,"column":40},"end":{"line":4,"column":51}},{"start":{"line":4,"column":55},"end":{"line":4,"column":68}}]},"2":{"loc":{"start":{"line":5,"column":16},"end":{"line":5,"column":40}},"type":"binary-expr","locations":[{"start":{"line":5,"column":16},"end":{"line":5,"column":26}},{"start":{"line":5,"column":30},"end":{"line":5,"column":40}}]},"3":{"loc":{"start":{"line":6,"column":15},"end":{"line":6,"column":37}},"type":"binary-expr","locations":[{"start":{"line":6,"column":15},"end":{"line":6,"column":24}},{"start":{"line":6,"column":28},"end":{"line":6,"column":37}}]},"4":{"loc":{"start":{"line":7,"column":16},"end":{"line":7,"column":40}},"type":"binary-expr","locations":[{"start":{"line":7,"column":16},"end":{"line":7,"column":26}},{"start":{"line":7,"column":30},"end":{"line":7,"column":40}}]},"5":{"loc":{"start":{"line":8,"column":19},"end":{"line":8,"column":65}},"type":"binary-expr","locations":[{"start":{"line":8,"column":19},"end":{"line":8,"column":32}},{"start":{"line":8,"column":36},"end":{"line":8,"column":43}},{"start":{"line":8,"column":47},"end":{"line":8,"column":65}}]}},"s":{"0":2,"1":2,"2":2},"f":{"0":2},"b":{"0":[2,0,0],"1":[2,0,0],"2":[2,1],"3":[2,1],"4":[2,2],"5":[2,2,2]}}
,"C:\\Users\\Mr_ScoField\\OneDrive\\Olyxee\\Projects\\Addup\\src\\normalizers\\ledgerNormalizer.ts": {"path":"C:\\Users\\Mr_ScoField\\OneDrive\\Olyxee\\Projects\\Addup\\src\\normalizers\\ledgerNormalizer.ts","statementMap":{"0":{"start":{"line":1,"column":0},"end":{"line":1,"column":24}},"1":{"start":{"line":2,"column":16},"end":{"line":9,"column":6}},"2":{"start":{"line":10,"column":4},"end":{"line":10,"column":15}}},"fnMap":{"0":{"name":"ledgerNormalizer","decl":{"start":{"line":1,"column":24},"end":{"line":1,"column":40}},"loc":{"start":{"line":1,"column":49},"end":{"line":11,"column":1}}}},"branchMap":{"0":{"loc":{"start":{"line":3,"column":14},"end":{"line":3,"column":65}},"type":"binary-expr","locations":[{"start":{"line":3,"column":14},"end":{"line":3,"column":22}},{"start":{"line":3,"column":26},"end":{"line":3,"column":46}},{"start":{"line":3,"column":50},"end":{"line":3,"column":65}}]},"1":{"loc":{"start":{"line":4,"column":21},"end":{"line":4,"column":68}},"type":"binary-expr","locations":[{"start":{"line":4,"column":21},"end":{"line":4,"column":36}},{"start":{"line":4,"column":40},"end":{"line":4,"column":51}},{"start":{"line":4,"column":55},"end":{"line":4,"column":68}}]},"2":{"loc":{"start":{"line":5,"column":16},"end":{"line":5,"column":40}},"type":"binary-expr","locations":[{"start":{"line":5,"column":16},"end":{"line":5,"column":26}},{"start":{"line":5,"column":30},"end":{"line":5,"column":40}}]},"3":{"loc":{"start":{"line":6,"column":15},"end":{"line":6,"column":37}},"type":"binary-expr","locations":[{"start":{"line":6,"column":15},"end":{"line":6,"column":24}},{"start":{"line":6,"column":28},"end":{"line":6,"column":37}}]},"4":{"loc":{"start":{"line":7,"column":16},"end":{"line":7,"column":40}},"type":"binary-expr","locations":[{"start":{"line":7,"column":16},"end":{"line":7,"column":26}},{"start":{"line":7,"column":30},"end":{"line":7,"column":40}}]},"5":{"loc":{"start":{"line":8,"column":19},"end":{"line":8,"column":65}},"type":"binary-expr","locations":[{"start":{"line":8,"column":19},"end":{"line":8,"column":32}},{"start":{"line":8,"column":36},"end":{"line":8,"column":43}},{"start":{"line":8,"column":47},"end":{"line":8,"column":65}}]}},"s":{"0":2,"1":1,"2":1},"f":{"0":1},"b":{"0":[1,0,0],"1":[1,0,0],"2":[1,0],"3":[1,1],"4":[1,1],"5":[1,1,1]}}
,"C:\\Users\\Mr_ScoField\\OneDrive\\Olyxee\\Projects\\Addup\\src\\normalizers\\transactionNormalizer.ts": {"path":"C:\\Users\\Mr_ScoField\\OneDrive\\Olyxee\\Projects\\Addup\\src\\normalizers\\transactionNormalizer.ts","statementMap":{"0":{"start":{"line":7,"column":0},"end":{"line":7,"column":16}},"1":{"start":{"line":2,"column":0},"end":{"line":2,"column":57}},"2":{"start":{"line":3,"column":0},"end":{"line":3,"column":46}},"3":{"start":{"line":4,"column":0},"end":{"line":4,"column":50}},"4":{"start":{"line":5,"column":0},"end":{"line":5,"column":28}},"5":{"start":{"line":8,"column":23},"end":{"line":8,"column":76}},"6":{"start":{"line":9,"column":4},"end":{"line":54,"column":7}},"7":{"start":{"line":10,"column":21},"end":{"line":10,"column":31}},"8":{"start":{"line":11,"column":23},"end":{"line":11,"column":39}},"9":{"start":{"line":12,"column":19},"end":{"line":12,"column":45}},"10":{"start":{"line":13,"column":23},"end":{"line":13,"column":82}},"11":{"start":{"line":16,"column":8},"end":{"line":33,"column":9}},"12":{"start":{"line":17,"column":27},"end":{"line":17,"column":55}},"13":{"start":{"line":18,"column":12},"end":{"line":32,"column":13}},"14":{"start":{"line":19,"column":26},"end":{"line":19,"column":49}},"15":{"start":{"line":21,"column":30},"end":{"line":21,"column":50}},"16":{"start":{"line":22,"column":31},"end":{"line":22,"column":52}},"17":{"start":{"line":23,"column":16},"end":{"line":26,"column":17}},"18":{"start":{"line":24,"column":33},"end":{"line":24,"column":49}},"19":{"start":{"line":25,"column":20},"end":{"line":25,"column":75}},"20":{"start":{"line":25,"column":43},"end":{"line":25,"column":59}},"21":{"start":{"line":25,"column":60},"end":{"line":25,"column":73}},"22":{"start":{"line":28,"column":16},"end":{"line":31,"column":17}},"23":{"start":{"line":29,"column":36},"end":{"line":29,"column":106}},"24":{"start":{"line":30,"column":20},"end":{"line":30,"column":100}},"25":{"start":{"line":30,"column":58},"end":{"line":30,"column":100}},"26":{"start":{"line":35,"column":24},"end":{"line":35,"column":55}},"27":{"start":{"line":36,"column":27},"end":{"line":36,"column":131}},"28":{"start":{"line":37,"column":24},"end":{"line":37,"column":112}},"29":{"start":{"line":38,"column":19},"end":{"line":38,"column":48}},"30":{"start":{"line":40,"column":33},"end":{"line":51,"column":10}},"31":{"start":{"line":53,"column":8},"end":{"line":53,"column":19}},"32":{"start":{"line":58,"column":4},"end":{"line":58,"column":60}},"33":{"start":{"line":58,"column":49},"end":{"line":58,"column":60}},"34":{"start":{"line":59,"column":4},"end":{"line":59,"column":55}},"35":{"start":{"line":59,"column":28},"end":{"line":59,"column":55}},"36":{"start":{"line":60,"column":17},"end":{"line":60,"column":40}},"37":{"start":{"line":61,"column":21},"end":{"line":61,"column":23}},"38":{"start":{"line":62,"column":4},"end":{"line":62,"column":54}},"39":{"start":{"line":62,"column":26},"end":{"line":62,"column":54}},"40":{"start":{"line":63,"column":4},"end":{"line":63,"column":15}},"41":{"start":{"line":66,"column":0},"end":{"line":66,"column":46}}},"fnMap":{"0":{"name":"normalizeTransactionsBatch","decl":{"start":{"line":7,"column":16},"end":{"line":7,"column":42}},"loc":{"start":{"line":7,"column":117},"end":{"line":55,"column":1}}},"1":{"name":"(anonymous_2)","decl":{"start":{"line":9,"column":20},"end":{"line":9,"column":21}},"loc":{"start":{"line":9,"column":46},"end":{"line":54,"column":5}}},"2":{"name":"sortedKeys","decl":{"start":{"line":57,"column":9},"end":{"line":57,"column":19}},"loc":{"start":{"line":57,"column":28},"end":{"line":64,"column":1}}}},"branchMap":{"0":{"loc":{"start":{"line":8,"column":23},"end":{"line":8,"column":76}},"type":"cond-expr","locations":[{"start":{"line":8,"column":43},"end":{"line":8,"column":57}},{"start":{"line":8,"column":60},"end":{"line":8,"column":76}}]},"1":{"loc":{"start":{"line":16,"column":8},"end":{"line":33,"column":9}},"type":"if","locations":[{"start":{"line":16,"column":8},"end":{"line":33,"column":9}}]},"2":{"loc":{"start":{"line":16,"column":12},"end":{"line":16,"column":114}},"type":"binary-expr","locations":[{"start":{"line":16,"column":12},"end":{"line":16,"column":31}},{"start":{"line":16,"column":35},"end":{"line":16,"column":39}},{"start":{"line":16,"column":43},"end":{"line":16,"column":50}},{"start":{"line":16,"column":54},"end":{"line":16,"column":86}},{"start":{"line":16,"column":90},"end":{"line":16,"column":114}}]},"3":{"loc":{"start":{"line":17,"column":27},"end":{"line":17,"column":55}},"type":"cond-expr","locations":[{"start":{"line":17,"column":34},"end":{"line":17,"column":48}},{"start":{"line":17,"column":51},"end":{"line":17,"column":55}}]},"4":{"loc":{"start":{"line":18,"column":12},"end":{"line":32,"column":13}},"type":"if","locations":[{"start":{"line":18,"column":12},"end":{"line":32,"column":13}}]},"5":{"loc":{"start":{"line":18,"column":16},"end":{"line":18,"column":57}},"type":"binary-expr","locations":[{"start":{"line":18,"column":16},"end":{"line":18,"column":22}},{"start":{"line":18,"column":26},"end":{"line":18,"column":57}}]},"6":{"loc":{"start":{"line":25,"column":20},"end":{"line":25,"column":75}},"type":"if","locations":[{"start":{"line":25,"column":20},"end":{"line":25,"column":75}}]},"7":{"loc":{"start":{"line":28,"column":16},"end":{"line":31,"column":17}},"type":"if","locations":[{"start":{"line":28,"column":16},"end":{"line":31,"column":17}}]},"8":{"loc":{"start":{"line":30,"column":20},"end":{"line":30,"column":100}},"type":"if","locations":[{"start":{"line":30,"column":20},"end":{"line":30,"column":100}}]},"9":{"loc":{"start":{"line":44,"column":25},"end":{"line":44,"column":49}},"type":"binary-expr","locations":[{"start":{"line":44,"column":25},"end":{"line":44,"column":43}},{"start":{"line":44,"column":47},"end":{"line":44,"column":49}}]},"10":{"loc":{"start":{"line":58,"column":4},"end":{"line":58,"column":60}},"type":"if","locations":[{"start":{"line":58,"column":4},"end":{"line":58,"column":60}}]},"11":{"loc":{"start":{"line":58,"column":8},"end":{"line":58,"column":47}},"type":"binary-expr","locations":[{"start":{"line":58,"column":8},"end":{"line":58,"column":20}},{"start":{"line":58,"column":24},"end":{"line":58,"column":47}}]},"12":{"loc":{"start":{"line":59,"column":4},"end":{"line":59,"column":55}},"type":"if","locations":[{"start":{"line":59,"column":4},"end":{"line":59,"column":55}}]}},"s":{"0":2,"1":2,"2":2,"3":2,"4":2,"5":3,"6":3,"7":3,"8":3,"9":3,"10":3,"11":3,"12":1,"13":1,"14":1,"15":1,"16":1,"17":1,"18":1,"19":1,"20":0,"21":0,"22":1,"23":0,"24":0,"25":0,"26":3,"27":3,"28":3,"29":3,"30":3,"31":3,"32":30,"33":24,"34":6,"35":0,"36":6,"37":6,"38":6,"39":27,"40":6,"41":2},"f":{"0":3,"1":3,"2":30},"b":{"0":[2,1],"1":[1],"2":[3,1,1,1,1],"3":[1,0],"4":[1],"5":[1,1],"6":[0],"7":[0],"8":[0],"9":[3,0],"10":[24],"11":[30,30],"12":[0]}}
,"C:\\Users\\Mr_ScoField\\OneDrive\\Olyxee\\Projects\\Addup\\src\\normalizers\\utils.ts": {"path":"C:\\Users\\Mr_ScoField\\OneDrive\\Olyxee\\Projects\\Addup\\src\\normalizers\\utils.ts","statementMap":{"0":{"start":{"line":1,"column":0},"end":{"line":1,"column":16}},"1":{"start":{"line":48,"column":0},"end":{"line":48,"column":16}},"2":{"start":{"line":2,"column":4},"end":{"line":2,"column":26}},"3":{"start":{"line":2,"column":16},"end":{"line":2,"column":26}},"4":{"start":{"line":3,"column":14},"end":{"line":3,"column":34}},"5":{"start":{"line":5,"column":14},"end":{"line":5,"column":66}},"6":{"start":{"line":6,"column":4},"end":{"line":17,"column":5}},"7":{"start":{"line":7,"column":34},"end":{"line":7,"column":35}},"8":{"start":{"line":8,"column":17},"end":{"line":8,"column":29}},"9":{"start":{"line":10,"column":8},"end":{"line":12,"column":9}},"10":{"start":{"line":11,"column":12},"end":{"line":11,"column":27}},"11":{"start":{"line":13,"column":20},"end":{"line":13,"column":30}},"12":{"start":{"line":14,"column":20},"end":{"line":14,"column":30}},"13":{"start":{"line":15,"column":20},"end":{"line":15,"column":56}},"14":{"start":{"line":16,"column":8},"end":{"line":16,"column":80}},"15":{"start":{"line":16,"column":42},"end":{"line":16,"column":80}},"16":{"start":{"line":20,"column":21},"end":{"line":20,"column":57}},"17":{"start":{"line":21,"column":4},"end":{"line":25,"column":5}},"18":{"start":{"line":22,"column":32},"end":{"line":22,"column":40}},"19":{"start":{"line":23,"column":21},"end":{"line":23,"column":79}},"20":{"start":{"line":24,"column":8},"end":{"line":24,"column":82}},"21":{"start":{"line":24,"column":43},"end":{"line":24,"column":82}},"22":{"start":{"line":28,"column":21},"end":{"line":28,"column":70}},"23":{"start":{"line":29,"column":4},"end":{"line":37,"column":5}},"24":{"start":{"line":30,"column":31},"end":{"line":30,"column":39}},"25":{"start":{"line":31,"column":19},"end":{"line":31,"column":37}},"26":{"start":{"line":33,"column":19},"end":{"line":33,"column":45}},"27":{"start":{"line":34,"column":19},"end":{"line":34,"column":45}},"28":{"start":{"line":35,"column":20},"end":{"line":35,"column":70}},"29":{"start":{"line":36,"column":8},"end":{"line":36,"column":80}},"30":{"start":{"line":36,"column":42},"end":{"line":36,"column":80}},"31":{"start":{"line":40,"column":14},"end":{"line":40,"column":25}},"32":{"start":{"line":41,"column":4},"end":{"line":43,"column":5}},"33":{"start":{"line":42,"column":8},"end":{"line":42,"column":44}},"34":{"start":{"line":45,"column":4},"end":{"line":45,"column":14}},"35":{"start":{"line":49,"column":4},"end":{"line":58,"column":5}},"36":{"start":{"line":50,"column":16},"end":{"line":50,"column":30}},"37":{"start":{"line":52,"column":8},"end":{"line":52,"column":38}},"38":{"start":{"line":54,"column":22},"end":{"line":54,"column":40}},"39":{"start":{"line":55,"column":8},"end":{"line":55,"column":38}},"40":{"start":{"line":55,"column":19},"end":{"line":55,"column":38}},"41":{"start":{"line":56,"column":18},"end":{"line":56,"column":45}},"42":{"start":{"line":57,"column":8},"end":{"line":57,"column":42}},"43":{"start":{"line":59,"column":14},"end":{"line":59,"column":24}},"44":{"start":{"line":60,"column":14},"end":{"line":60,"column":25}},"45":{"start":{"line":61,"column":15},"end":{"line":61,"column":59}},"46":{"start":{"line":62,"column":15},"end":{"line":62,"column":59}},"47":{"start":{"line":63,"column":4},"end":{"line":63,"column":40}},"48":{"start":{"line":63,"column":19},"end":{"line":63,"column":40}},"49":{"start":{"line":64,"column":4},"end":{"line":64,"column":39}},"50":{"start":{"line":64,"column":19},"end":{"line":64,"column":39}},"51":{"start":{"line":65,"column":4},"end":{"line":65,"column":13}}},"fnMap":{"0":{"name":"normalizeDate","decl":{"start":{"line":1,"column":16},"end":{"line":1,"column":29}},"loc":{"start":{"line":1,"column":40},"end":{"line":46,"column":1}}},"1":{"name":"normalizeAmount","decl":{"start":{"line":48,"column":16},"end":{"line":48,"column":31}},"loc":{"start":{"line":48,"column":68},"end":{"line":66,"column":1}}}},"branchMap":{"0":{"loc":{"start":{"line":2,"column":4},"end":{"line":2,"column":26}},"type":"if","locations":[{"start":{"line":2,"column":4},"end":{"line":2,"column":26}}]},"1":{"loc":{"start":{"line":6,"column":4},"end":{"line":17,"column":5}},"type":"if","locations":[{"start":{"line":6,"column":4},"end":{"line":17,"column":5}}]},"2":{"loc":{"start":{"line":10,"column":8},"end":{"line":12,"column":9}},"type":"if","locations":[{"start":{"line":10,"column":8},"end":{"line":12,"column":9}}]},"3":{"loc":{"start":{"line":16,"column":8},"end":{"line":16,"column":80}},"type":"if","locations":[{"start":{"line":16,"column":8},"end":{"line":16,"column":80}}]},"4":{"loc":{"start":{"line":21,"column":4},"end":{"line":25,"column":5}},"type":"if","locations":[{"start":{"line":21,"column":4},"end":{"line":25,"column":5}}]},"5":{"loc":{"start":{"line":24,"column":8},"end":{"line":24,"column":82}},"type":"if","locations":[{"start":{"line":24,"column":8},"end":{"line":24,"column":82}}]},"6":{"loc":{"start":{"line":29,"column":4},"end":{"line":37,"column":5}},"type":"if","locations":[{"start":{"line":29,"column":4},"end":{"line":37,"column":5}}]},"7":{"loc":{"start":{"line":36,"column":8},"end":{"line":36,"column":80}},"type":"if","locations":[{"start":{"line":36,"column":8},"end":{"line":36,"column":80}}]},"8":{"loc":{"start":{"line":41,"column":4},"end":{"line":43,"column":5}},"type":"if","locations":[{"start":{"line":41,"column":4},"end":{"line":43,"column":5}}]},"9":{"loc":{"start":{"line":49,"column":4},"end":{"line":58,"column":5}},"type":"if","locations":[{"start":{"line":49,"column":4},"end":{"line":58,"column":5}}]},"10":{"loc":{"start":{"line":49,"column":9},"end":{"line":49,"column":21}},"type":"binary-expr","locations":[{"start":{"line":49,"column":9},"end":{"line":49,"column":15}},{"start":{"line":49,"column":19},"end":{"line":49,"column":21}}]},"11":{"loc":{"start":{"line":55,"column":8},"end":{"line":55,"column":38}},"type":"if","locations":[{"start":{"line":55,"column":8},"end":{"line":55,"column":38}}]},"12":{"loc":{"start":{"line":57,"column":15},"end":{"line":57,"column":41}},"type":"cond-expr","locations":[{"start":{"line":57,"column":36},"end":{"line":57,"column":37}},{"start":{"line":57,"column":40},"end":{"line":57,"column":41}}]},"13":{"loc":{"start":{"line":59,"column":14},"end":{"line":59,"column":24}},"type":"binary-expr","locations":[{"start":{"line":59,"column":14},"end":{"line":59,"column":19}},{"start":{"line":59,"column":23},"end":{"line":59,"column":24}}]},"14":{"loc":{"start":{"line":60,"column":14},"end":{"line":60,"column":25}},"type":"binary-expr","locations":[{"start":{"line":60,"column":14},"end":{"line":60,"column":20}},{"start":{"line":60,"column":24},"end":{"line":60,"column":25}}]},"15":{"loc":{"start":{"line":61,"column":15},"end":{"line":61,"column":59}},"type":"binary-expr","locations":[{"start":{"line":61,"column":15},"end":{"line":61,"column":54}},{"start":{"line":61,"column":58},"end":{"line":61,"column":59}}]},"16":{"loc":{"start":{"line":62,"column":15},"end":{"line":62,"column":59}},"type":"binary-expr","locations":[{"start":{"line":62,"column":15},"end":{"line":62,"column":54}},{"start":{"line":62,"column":58},"end":{"line":62,"column":59}}]},"17":{"loc":{"start":{"line":63,"column":4},"end":{"line":63,"column":40}},"type":"if","locations":[{"start":{"line":63,"column":4},"end":{"line":63,"column":40}}]},"18":{"loc":{"start":{"line":63,"column":8},"end":{"line":63,"column":17}},"type":"binary-expr","locations":[{"start":{"line":63,"column":8},"end":{"line":63,"column":10}},{"start":{"line":63,"column":14},"end":{"line":63,"column":17}}]},"19":{"loc":{"start":{"line":64,"column":4},"end":{"line":64,"column":39}},"type":"if","locations":[{"start":{"line":64,"column":4},"end":{"line":64,"column":39}}]},"20":{"loc":{"start":{"line":64,"column":8},"end":{"line":64,"column":17}},"type":"binary-expr","locations":[{"start":{"line":64,"column":8},"end":{"line":64,"column":10}},{"start":{"line":64,"column":14},"end":{"line":64,"column":17}}]}},"s":{"0":2,"1":2,"2":3,"3":0,"4":3,"5":3,"6":3,"7":1,"8":1,"9":1,"10":0,"11":1,"12":1,"13":1,"14":1,"15":1,"16":2,"17":2,"18":2,"19":2,"20":2,"21":2,"22":0,"23":0,"24":0,"25":0,"26":0,"27":0,"28":0,"29":0,"30":0,"31":0,"32":0,"33":0,"34":0,"35":3,"36":2,"37":2,"38":2,"39":2,"40":0,"41":2,"42":2,"43":1,"44":1,"45":1,"46":1,"47":1,"48":1,"49":0,"50":0,"51":0},"f":{"0":3,"1":3},"b":{"0":[0],"1":[1],"2":[0],"3":[1],"4":[2],"5":[2],"6":[0],"7":[0],"8":[0],"9":[2],"10":[3,1],"11":[0],"12":[2,0],"13":[1,0],"14":[1,1],"15":[1,0],"16":[1,1],"17":[1],"18":[1,1],"19":[0],"20":[0,0]}}
,"C:\\Users\\Mr_ScoField\\OneDrive\\Olyxee\\Projects\\Addup\\src\\parsers\\csvCleaner.ts": {"path":"C:\\Users\\Mr_ScoField\\OneDrive\\Olyxee\\Projects\\Addup\\src\\parsers\\csvCleaner.ts","statementMap":{"0":{"start":{"line":5,"column":0},"end":{"line":5,"column":16}},"1":{"start":{"line":1,"column":0},"end":{"line":1,"column":39}},"2":{"start":{"line":6,"column":38},"end":{"line":6,"column":40}},"3":{"start":{"line":7,"column":4},"end":{"line":7,"column":76}},"4":{"start":{"line":7,"column":40},"end":{"line":7,"column":76}},"5":{"start":{"line":8,"column":17},"end":{"line":8,"column":40}},"6":{"start":{"line":10,"column":4},"end":{"line":15,"column":5}},"7":{"start":{"line":11,"column":30},"end":{"line":11,"column":96}},"8":{"start":{"line":12,"column":8},"end":{"line":12,"column":83}},"9":{"start":{"line":12,"column":57},"end":{"line":12,"column":65}},"10":{"start":{"line":17,"column":29},"end":{"line":17,"column":122}},"11":{"start":{"line":18,"column":4},"end":{"line":18,"column":72}},"12":{"start":{"line":18,"column":36},"end":{"line":18,"column":72}},"13":{"start":{"line":20,"column":19},"end":{"line":20,"column":61}},"14":{"start":{"line":20,"column":38},"end":{"line":20,"column":60}},"15":{"start":{"line":21,"column":22},"end":{"line":21,"column":35}},"16":{"start":{"line":22,"column":27},"end":{"line":22,"column":29}},"17":{"start":{"line":24,"column":4},"end":{"line":47,"column":5}},"18":{"start":{"line":24,"column":17},"end":{"line":24,"column":18}},"19":{"start":{"line":25,"column":20},"end":{"line":25,"column":27}},"20":{"start":{"line":26,"column":24},"end":{"line":26,"column":29}},"21":{"start":{"line":27,"column":8},"end":{"line":27,"column":77}},"22":{"start":{"line":27,"column":57},"end":{"line":27,"column":65}},"23":{"start":{"line":27,"column":68},"end":{"line":27,"column":77}},"24":{"start":{"line":28,"column":8},"end":{"line":46,"column":9}},"25":{"start":{"line":29,"column":29},"end":{"line":29,"column":31}},"26":{"start":{"line":30,"column":12},"end":{"line":30,"column":86}},"27":{"start":{"line":30,"column":25},"end":{"line":30,"column":26}},"28":{"start":{"line":30,"column":48},"end":{"line":30,"column":86}},"29":{"start":{"line":31,"column":12},"end":{"line":31,"column":30}},"30":{"start":{"line":32,"column":15},"end":{"line":46,"column":9}},"31":{"start":{"line":34,"column":29},"end":{"line":34,"column":31}},"32":{"start":{"line":35,"column":12},"end":{"line":35,"column":114}},"33":{"start":{"line":35,"column":25},"end":{"line":35,"column":26}},"34":{"start":{"line":35,"column":48},"end":{"line":35,"column":114}},"35":{"start":{"line":36,"column":12},"end":{"line":36,"column":30}},"36":{"start":{"line":37,"column":12},"end":{"line":37,"column":95}},"37":{"start":{"line":40,"column":29},"end":{"line":40,"column":31}},"38":{"start":{"line":41,"column":12},"end":{"line":41,"column":90}},"39":{"start":{"line":41,"column":25},"end":{"line":41,"column":26}},"40":{"start":{"line":41,"column":52},"end":{"line":41,"column":90}},"41":{"start":{"line":42,"column":26},"end":{"line":42,"column":60}},"42":{"start":{"line":43,"column":12},"end":{"line":43,"column":73}},"43":{"start":{"line":44,"column":12},"end":{"line":44,"column":30}},"44":{"start":{"line":45,"column":12},"end":{"line":45,"column":100}},"45":{"start":{"line":49,"column":4},"end":{"line":49,"column":36}},"46":{"start":{"line":52,"column":0},"end":{"line":52,"column":34}}},"fnMap":{"0":{"name":"cleanCSVBuffer","decl":{"start":{"line":5,"column":16},"end":{"line":5,"column":30}},"loc":{"start":{"line":5,"column":45},"end":{"line":50,"column":1}}},"1":{"name":"(anonymous_1)","decl":{"start":{"line":12,"column":44},"end":{"line":12,"column":45}},"loc":{"start":{"line":12,"column":57},"end":{"line":12,"column":65}}},"2":{"name":"(anonymous_2)","decl":{"start":{"line":20,"column":31},"end":{"line":20,"column":32}},"loc":{"start":{"line":20,"column":38},"end":{"line":20,"column":60}}},"3":{"name":"(anonymous_3)","decl":{"start":{"line":27,"column":50},"end":{"line":27,"column":51}},"loc":{"start":{"line":27,"column":57},"end":{"line":27,"column":65}}}},"branchMap":{"0":{"loc":{"start":{"line":7,"column":4},"end":{"line":7,"column":76}},"type":"if","locations":[{"start":{"line":7,"column":4},"end":{"line":7,"column":76}}]},"1":{"loc":{"start":{"line":7,"column":8},"end":{"line":7,"column":38}},"type":"binary-expr","locations":[{"start":{"line":7,"column":8},"end":{"line":7,"column":15}},{"start":{"line":7,"column":19},"end":{"line":7,"column":38}}]},"2":{"loc":{"start":{"line":18,"column":4},"end":{"line":18,"column":72}},"type":"if","locations":[{"start":{"line":18,"column":4},"end":{"line":18,"column":72}}]},"3":{"loc":{"start":{"line":18,"column":8},"end":{"line":18,"column":34}},"type":"binary-expr","locations":[{"start":{"line":18,"column":8},"end":{"line":18,"column":13}},{"start":{"line":18,"column":17},"end":{"line":18,"column":34}}]},"4":{"loc":{"start":{"line":20,"column":45},"end":{"line":20,"column":52}},"type":"binary-expr","locations":[{"start":{"line":20,"column":45},"end":{"line":20,"column":46}},{"start":{"line":20,"column":50},"end":{"line":20,"column":52}}]},"5":{"loc":{"start":{"line":27,"column":8},"end":{"line":27,"column":77}},"type":"if","locations":[{"start":{"line":27,"column":8},"end":{"line":27,"column":77}}]},"6":{"loc":{"start":{"line":27,"column":12},"end":{"line":27,"column":66}},"type":"binary-expr","locations":[{"start":{"line":27,"column":12},"end":{"line":27,"column":16}},{"start":{"line":27,"column":20},"end":{"line":27,"column":36}},{"start":{"line":27,"column":40},"end":{"line":27,"column":66}}]},"7":{"loc":{"start":{"line":28,"column":8},"end":{"line":46,"column":9}},"type":"if","locations":[{"start":{"line":28,"column":8},"end":{"line":46,"column":9}},{"start":{"line":32,"column":15},"end":{"line":46,"column":9}}]},"8":{"loc":{"start":{"line":30,"column":52},"end":{"line":30,"column":75}},"type":"binary-expr","locations":[{"start":{"line":30,"column":52},"end":{"line":30,"column":61}},{"start":{"line":30,"column":65},"end":{"line":30,"column":75}}]},"9":{"loc":{"start":{"line":32,"column":15},"end":{"line":46,"column":9}},"type":"if","locations":[{"start":{"line":32,"column":15},"end":{"line":46,"column":9}},{"start":{"line":38,"column":15},"end":{"line":46,"column":9}}]},"10":{"loc":{"start":{"line":35,"column":52},"end":{"line":35,"column":75}},"type":"binary-expr","locations":[{"start":{"line":35,"column":52},"end":{"line":35,"column":61}},{"start":{"line":35,"column":65},"end":{"line":35,"column":75}}]},"11":{"loc":{"start":{"line":35,"column":79},"end":{"line":35,"column":113}},"type":"cond-expr","locations":[{"start":{"line":35,"column":102},"end":{"line":35,"column":108}},{"start":{"line":35,"column":111},"end":{"line":35,"column":113}}]},"12":{"loc":{"start":{"line":41,"column":56},"end":{"line":41,"column":79}},"type":"binary-expr","locations":[{"start":{"line":41,"column":56},"end":{"line":41,"column":65}},{"start":{"line":41,"column":69},"end":{"line":41,"column":79}}]},"13":{"loc":{"start":{"line":43,"column":16},"end":{"line":43,"column":63}},"type":"binary-expr","locations":[{"start":{"line":43,"column":16},"end":{"line":43,"column":37}},{"start":{"line":43,"column":41},"end":{"line":43,"column":63}}]}},"s":{"0":3,"1":3,"2":4,"3":4,"4":1,"5":3,"6":3,"7":3,"8":3,"9":3,"10":0,"11":0,"12":0,"13":0,"14":0,"15":0,"16":0,"17":0,"18":0,"19":0,"20":0,"21":0,"22":0,"23":0,"24":0,"25":0,"26":0,"27":0,"28":0,"29":0,"30":0,"31":0,"32":0,"33":0,"34":0,"35":0,"36":0,"37":0,"38":0,"39":0,"40":0,"41":0,"42":0,"43":0,"44":0,"45":0,"46":3},"f":{"0":4,"1":3,"2":0,"3":0},"b":{"0":[1],"1":[4,4],"2":[0],"3":[0,0],"4":[0,0],"5":[0],"6":[0,0,0],"7":[0,0],"8":[0,0],"9":[0,0],"10":[0,0],"11":[0,0],"12":[0,0],"13":[0,0]}}
,"C:\\Users\\Mr_ScoField\\OneDrive\\Olyxee\\Projects\\Addup\\src\\parsers\\csvParser.ts": {"path":"C:\\Users\\Mr_ScoField\\OneDrive\\Olyxee\\Projects\\Addup\\src\\parsers\\csvParser.ts","statementMap":{"0":{"start":{"line":4,"column":0},"end":{"line":4,"column":16}},"1":{"start":{"line":9,"column":0},"end":{"line":9,"column":16}},"2":{"start":{"line":2,"column":0},"end":{"line":2,"column":46}},"3":{"start":{"line":5,"column":24},"end":{"line":5,"column":46}},"4":{"start":{"line":6,"column":4},"end":{"line":6,"column":19}},"5":{"start":{"line":10,"column":4},"end":{"line":10,"column":34}},"6":{"start":{"line":13,"column":0},"end":{"line":13,"column":54}}},"fnMap":{"0":{"name":"parseCSVBuffer","decl":{"start":{"line":4,"column":16},"end":{"line":4,"column":30}},"loc":{"start":{"line":4,"column":45},"end":{"line":7,"column":1}}},"1":{"name":"parseCSVWithReport","decl":{"start":{"line":9,"column":16},"end":{"line":9,"column":34}},"loc":{"start":{"line":9,"column":49},"end":{"line":11,"column":1}}}},"branchMap":{},"s":{"0":3,"1":3,"2":3,"3":2,"4":2,"5":2,"6":3},"f":{"0":2,"1":2},"b":{}}
,"C:\\Users\\Mr_ScoField\\OneDrive\\Olyxee\\Projects\\Addup\\src\\parsers\\fileTypeDetector.ts": {"path":"C:\\Users\\Mr_ScoField\\OneDrive\\Olyxee\\Projects\\Addup\\src\\parsers\\fileTypeDetector.ts","statementMap":{"0":{"start":{"line":1,"column":0},"end":{"line":1,"column":16}},"1":{"start":{"line":2,"column":17},"end":{"line":2,"column":31}},"2":{"start":{"line":3,"column":18},"end":{"line":3,"column":36}},"3":{"start":{"line":4,"column":4},"end":{"line":4,"column":59}},"4":{"start":{"line":4,"column":46},"end":{"line":4,"column":59}},"5":{"start":{"line":5,"column":4},"end":{"line":5,"column":45}},"6":{"start":{"line":5,"column":32},"end":{"line":5,"column":45}},"7":{"start":{"line":6,"column":4},"end":{"line":6,"column":74}},"8":{"start":{"line":6,"column":59},"end":{"line":6,"column":74}},"9":{"start":{"line":7,"column":4},"end":{"line":7,"column":45}},"10":{"start":{"line":7,"column":32},"end":{"line":7,"column":45}},"11":{"start":{"line":8,"column":4},"end":{"line":8,"column":21}},"12":{"start":{"line":11,"column":0},"end":{"line":11,"column":34}}},"fnMap":{"0":{"name":"detectFileType","decl":{"start":{"line":1,"column":16},"end":{"line":1,"column":30}},"loc":{"start":{"line":1,"column":66},"end":{"line":9,"column":1}}}},"branchMap":{"0":{"loc":{"start":{"line":2,"column":17},"end":{"line":2,"column":31}},"type":"binary-expr","locations":[{"start":{"line":2,"column":17},"end":{"line":2,"column":25}},{"start":{"line":2,"column":29},"end":{"line":2,"column":31}}]},"1":{"loc":{"start":{"line":4,"column":4},"end":{"line":4,"column":59}},"type":"if","locations":[{"start":{"line":4,"column":4},"end":{"line":4,"column":59}}]},"2":{"loc":{"start":{"line":4,"column":8},"end":{"line":4,"column":44}},"type":"binary-expr","locations":[{"start":{"line":4,"column":8},"end":{"line":4,"column":16}},{"start":{"line":4,"column":20},"end":{"line":4,"column":44}}]},"3":{"loc":{"start":{"line":5,"column":4},"end":{"line":5,"column":45}},"type":"if","locations":[{"start":{"line":5,"column":4},"end":{"line":5,"column":45}}]},"4":{"loc":{"start":{"line":6,"column":4},"end":{"line":6,"column":74}},"type":"if","locations":[{"start":{"line":6,"column":4},"end":{"line":6,"column":74}}]},"5":{"loc":{"start":{"line":6,"column":8},"end":{"line":6,"column":57}},"type":"binary-expr","locations":[{"start":{"line":6,"column":8},"end":{"line":6,"column":30}},{"start":{"line":6,"column":34},"end":{"line":6,"column":57}}]},"6":{"loc":{"start":{"line":7,"column":4},"end":{"line":7,"column":45}},"type":"if","locations":[{"start":{"line":7,"column":4},"end":{"line":7,"column":45}}]}},"s":{"0":2,"1":5,"2":5,"3":5,"4":3,"5":2,"6":0,"7":2,"8":1,"9":1,"10":1,"11":0,"12":2},"f":{"0":5},"b":{"0":[5,0],"1":[3],"2":[5,5],"3":[0],"4":[1],"5":[2,2],"6":[1]}}
,"C:\\Users\\Mr_ScoField\\OneDrive\\Olyxee\\Projects\\Addup\\src\\parsers\\xlsxParser.ts": {"path":"C:\\Users\\Mr_ScoField\\OneDrive\\Olyxee\\Projects\\Addup\\src\\parsers\\xlsxParser.ts","statementMap":{"0":{"start":{"line":3,"column":0},"end":{"line":3,"column":16}},"1":{"start":{"line":1,"column":0},"end":{"line":1,"column":24}},"2":{"start":{"line":4,"column":4},"end":{"line":4,"column":50}},"3":{"start":{"line":4,"column":40},"end":{"line":4,"column":50}},"4":{"start":{"line":5,"column":21},"end":{"line":5,"column":58}},"5":{"start":{"line":6,"column":22},"end":{"line":6,"column":44}},"6":{"start":{"line":7,"column":18},"end":{"line":7,"column":44}},"7":{"start":{"line":8,"column":20},"end":{"line":8,"column":67}},"8":{"start":{"line":9,"column":4},"end":{"line":9,"column":28}},"9":{"start":{"line":12,"column":0},"end":{"line":12,"column":35}}},"fnMap":{"0":{"name":"parseXLSXBuffer","decl":{"start":{"line":3,"column":16},"end":{"line":3,"column":31}},"loc":{"start":{"line":3,"column":46},"end":{"line":10,"column":1}}}},"branchMap":{"0":{"loc":{"start":{"line":4,"column":4},"end":{"line":4,"column":50}},"type":"if","locations":[{"start":{"line":4,"column":4},"end":{"line":4,"column":50}}]},"1":{"loc":{"start":{"line":4,"column":8},"end":{"line":4,"column":38}},"type":"binary-expr","locations":[{"start":{"line":4,"column":8},"end":{"line":4,"column":15}},{"start":{"line":4,"column":19},"end":{"line":4,"column":38}}]}},"s":{"0":1,"1":1,"2":0,"3":0,"4":0,"5":0,"6":0,"7":0,"8":0,"9":1},"f":{"0":0},"b":{"0":[0],"1":[0,0]}}
,"C:\\Users\\Mr_ScoField\\OneDrive\\Olyxee\\Projects\\Addup\\src\\routes\\reconciliation.routes.ts": {"path":"C:\\Users\\Mr_ScoField\\OneDrive\\Olyxee\\Projects\\Addup\\src\\routes\\reconciliation.routes.ts","statementMap":{"0":{"start":{"line":1,"column":0},"end":{"line":1,"column":33}},"1":{"start":{"line":2,"column":0},"end":{"line":2,"column":28}},"2":{"start":{"line":3,"column":0},"end":{"line":3,"column":76}},"3":{"start":{"line":4,"column":0},"end":{"line":4,"column":76}},"4":{"start":{"line":6,"column":15},"end":{"line":6,"column":23}},"5":{"start":{"line":7,"column":15},"end":{"line":7,"column":58}},"6":{"start":{"line":9,"column":0},"end":{"line":12,"column":22}},"7":{"start":{"line":14,"column":0},"end":{"line":14,"column":45}},"8":{"start":{"line":16,"column":0},"end":{"line":16,"column":22}}},"fnMap":{},"branchMap":{},"s":{"0":1,"1":1,"2":1,"3":1,"4":1,"5":1,"6":1,"7":1,"8":1},"f":{},"b":{}}
,"C:\\Users\\Mr_ScoField\\OneDrive\\Olyxee\\Projects\\Addup\\src\\services\\reconciliation.service.ts": {"path":"C:\\Users\\Mr_ScoField\\OneDrive\\Olyxee\\Projects\\Addup\\src\\services\\reconciliation.service.ts","statementMap":{"0":{"start":{"line":11,"column":0},"end":{"line":11,"column":7}},"1":{"start":{"line":2,"column":0},"end":{"line":2,"column":61}},"2":{"start":{"line":3,"column":0},"end":{"line":3,"column":74}},"3":{"start":{"line":4,"column":0},"end":{"line":4,"column":56}},"4":{"start":{"line":5,"column":0},"end":{"line":5,"column":82}},"5":{"start":{"line":6,"column":0},"end":{"line":6,"column":74}},"6":{"start":{"line":7,"column":0},"end":{"line":7,"column":51}},"7":{"start":{"line":8,"column":0},"end":{"line":8,"column":50}},"8":{"start":{"line":12,"column":25},"end":{"line":12,"column":56}},"9":{"start":{"line":13,"column":27},"end":{"line":13,"column":60}},"10":{"start":{"line":15,"column":21},"end":{"line":15,"column":77}},"11":{"start":{"line":16,"column":23},"end":{"line":16,"column":83}},"12":{"start":{"line":18,"column":22},"end":{"line":18,"column":201}},"13":{"start":{"line":19,"column":24},"end":{"line":19,"column":211}},"14":{"start":{"line":21,"column":21},"end":{"line":21,"column":44}},"15":{"start":{"line":22,"column":23},"end":{"line":22,"column":48}},"16":{"start":{"line":23,"column":28},"end":{"line":23,"column":55}},"17":{"start":{"line":24,"column":30},"end":{"line":24,"column":59}},"18":{"start":{"line":26,"column":4},"end":{"line":31,"column":5}},"19":{"start":{"line":27,"column":8},"end":{"line":30,"column":10}},"20":{"start":{"line":34,"column":27},"end":{"line":34,"column":71}},"21":{"start":{"line":36,"column":32},"end":{"line":42,"column":51}},"22":{"start":{"line":38,"column":12},"end":{"line":38,"column":43}},"23":{"start":{"line":38,"column":31},"end":{"line":38,"column":43}},"24":{"start":{"line":39,"column":22},"end":{"line":39,"column":38}},"25":{"start":{"line":40,"column":12},"end":{"line":40,"column":73}},"26":{"start":{"line":42,"column":28},"end":{"line":42,"column":38}},"27":{"start":{"line":44,"column":29},"end":{"line":44,"column":92}},"28":{"start":{"line":46,"column":26},"end":{"line":46,"column":62}},"29":{"start":{"line":47,"column":28},"end":{"line":47,"column":66}},"30":{"start":{"line":49,"column":18},"end":{"line":54,"column":6}},"31":{"start":{"line":56,"column":23},"end":{"line":70,"column":6}},"32":{"start":{"line":69,"column":99},"end":{"line":69,"column":144}},"33":{"start":{"line":69,"column":187},"end":{"line":69,"column":234}},"34":{"start":{"line":72,"column":16},"end":{"line":72,"column":44}},"35":{"start":{"line":74,"column":4},"end":{"line":80,"column":6}},"36":{"start":{"line":83,"column":0},"end":{"line":83,"column":33}}},"fnMap":{"0":{"name":"processUpload","decl":{"start":{"line":11,"column":22},"end":{"line":11,"column":35}},"loc":{"start":{"line":11,"column":88},"end":{"line":81,"column":1}}},"1":{"name":"(anonymous_1)","decl":{"start":{"line":37,"column":13},"end":{"line":37,"column":14}},"loc":{"start":{"line":37,"column":24},"end":{"line":41,"column":9}}},"2":{"name":"(anonymous_2)","decl":{"start":{"line":42,"column":16},"end":{"line":42,"column":17}},"loc":{"start":{"line":42,"column":28},"end":{"line":42,"column":38}}},"3":{"name":"(anonymous_3)","decl":{"start":{"line":69,"column":93},"end":{"line":69,"column":94}},"loc":{"start":{"line":69,"column":99},"end":{"line":69,"column":144}}},"4":{"name":"(anonymous_4)","decl":{"start":{"line":69,"column":181},"end":{"line":69,"column":182}},"loc":{"start":{"line":69,"column":187},"end":{"line":69,"column":234}}}},"branchMap":{"0":{"loc":{"start":{"line":18,"column":22},"end":{"line":18,"column":201}},"type":"cond-expr","locations":[{"start":{"line":18,"column":43},"end":{"line":18,"column":78}},{"start":{"line":18,"column":81},"end":{"line":18,"column":201}}]},"1":{"loc":{"start":{"line":18,"column":81},"end":{"line":18,"column":201}},"type":"cond-expr","locations":[{"start":{"line":18,"column":104},"end":{"line":18,"column":166}},{"start":{"line":18,"column":169},"end":{"line":18,"column":201}}]},"2":{"loc":{"start":{"line":19,"column":24},"end":{"line":19,"column":211}},"type":"cond-expr","locations":[{"start":{"line":19,"column":47},"end":{"line":19,"column":84}},{"start":{"line":19,"column":87},"end":{"line":19,"column":211}}]},"3":{"loc":{"start":{"line":19,"column":87},"end":{"line":19,"column":211}},"type":"cond-expr","locations":[{"start":{"line":19,"column":112},"end":{"line":19,"column":176}},{"start":{"line":19,"column":179},"end":{"line":19,"column":211}}]},"4":{"loc":{"start":{"line":21,"column":21},"end":{"line":21,"column":44}},"type":"binary-expr","locations":[{"start":{"line":21,"column":21},"end":{"line":21,"column":38}},{"start":{"line":21,"column":42},"end":{"line":21,"column":44}}]},"5":{"loc":{"start":{"line":22,"column":23},"end":{"line":22,"column":48}},"type":"binary-expr","locations":[{"start":{"line":22,"column":23},"end":{"line":22,"column":42}},{"start":{"line":22,"column":46},"end":{"line":22,"column":48}}]},"6":{"loc":{"start":{"line":23,"column":28},"end":{"line":23,"column":55}},"type":"binary-expr","locations":[{"start":{"line":23,"column":28},"end":{"line":23,"column":49}},{"start":{"line":23,"column":53},"end":{"line":23,"column":55}}]},"7":{"loc":{"start":{"line":24,"column":30},"end":{"line":24,"column":59}},"type":"binary-expr","locations":[{"start":{"line":24,"column":30},"end":{"line":24,"column":53}},{"start":{"line":24,"column":57},"end":{"line":24,"column":59}}]},"8":{"loc":{"start":{"line":26,"column":4},"end":{"line":31,"column":5}},"type":"if","locations":[{"start":{"line":26,"column":4},"end":{"line":31,"column":5}}]},"9":{"loc":{"start":{"line":26,"column":8},"end":{"line":26,"column":46}},"type":"binary-expr","locations":[{"start":{"line":26,"column":8},"end":{"line":26,"column":24}},{"start":{"line":26,"column":28},"end":{"line":26,"column":46}}]},"10":{"loc":{"start":{"line":38,"column":12},"end":{"line":38,"column":43}},"type":"if","locations":[{"start":{"line":38,"column":12},"end":{"line":38,"column":43}}]},"11":{"loc":{"start":{"line":38,"column":16},"end":{"line":38,"column":29}},"type":"binary-expr","locations":[{"start":{"line":38,"column":16},"end":{"line":38,"column":18}},{"start":{"line":38,"column":22},"end":{"line":38,"column":29}}]},"12":{"loc":{"start":{"line":40,"column":19},"end":{"line":40,"column":72}},"type":"cond-expr","locations":[{"start":{"line":40,"column":47},"end":{"line":40,"column":51}},{"start":{"line":40,"column":54},"end":{"line":40,"column":72}}]},"13":{"loc":{"start":{"line":59,"column":20},"end":{"line":59,"column":67}},"type":"cond-expr","locations":[{"start":{"line":59,"column":38},"end":{"line":59,"column":62}},{"start":{"line":59,"column":65},"end":{"line":59,"column":67}}]},"14":{"loc":{"start":{"line":65,"column":20},"end":{"line":65,"column":71}},"type":"cond-expr","locations":[{"start":{"line":65,"column":40},"end":{"line":65,"column":66}},{"start":{"line":65,"column":69},"end":{"line":65,"column":71}}]},"15":{"loc":{"start":{"line":69,"column":73},"end":{"line":69,"column":152}},"type":"binary-expr","locations":[{"start":{"line":69,"column":73},"end":{"line":69,"column":146}},{"start":{"line":69,"column":150},"end":{"line":69,"column":152}}]},"16":{"loc":{"start":{"line":69,"column":159},"end":{"line":69,"column":242}},"type":"binary-expr","locations":[{"start":{"line":69,"column":159},"end":{"line":69,"column":236}},{"start":{"line":69,"column":240},"end":{"line":69,"column":242}}]}},"s":{"0":1,"1":1,"2":1,"3":1,"4":1,"5":1,"6":1,"7":1,"8":1,"9":1,"10":1,"11":1,"12":1,"13":1,"14":1,"15":1,"16":1,"17":1,"18":1,"19":0,"20":1,"21":1,"22":1,"23":0,"24":1,"25":1,"26":1,"27":1,"28":1,"29":1,"30":1,"31":1,"32":0,"33":0,"34":1,"35":1,"36":1},"f":{"0":1,"1":1,"2":1,"3":0,"4":0},"b":{"0":[1,0],"1":[0,0],"2":[1,0],"3":[0,0],"4":[1,0],"5":[1,0],"6":[1,0],"7":[1,0],"8":[0],"9":[1,1],"10":[0],"11":[1,1],"12":[0,1],"13":[1,0],"14":[1,0],"15":[1,0],"16":[1,0]}}
,"C:\\Users\\Mr_ScoField\\OneDrive\\Olyxee\\Projects\\Addup\\src\\state\\checksum.ts": {"path":"C:\\Users\\Mr_ScoField\\OneDrive\\Olyxee\\Projects\\Addup\\src\\state\\checksum.ts","statementMap":{"0":{"start":{"line":3,"column":0},"end":{"line":3,"column":16}},"1":{"start":{"line":1,"column":0},"end":{"line":1,"column":28}},"2":{"start":{"line":4,"column":4},"end":{"line":4,"column":68}},"3":{"start":{"line":7,"column":0},"end":{"line":7,"column":34}}},"fnMap":{"0":{"name":"checksumBuffer","decl":{"start":{"line":3,"column":16},"end":{"line":3,"column":30}},"loc":{"start":{"line":3,"column":45},"end":{"line":5,"column":1}}}},"branchMap":{},"s":{"0":2,"1":2,"2":4,"3":2},"f":{"0":4},"b":{}}
,"C:\\Users\\Mr_ScoField\\OneDrive\\Olyxee\\Projects\\Addup\\src\\state\\stateManager.ts": {"path":"C:\\Users\\Mr_ScoField\\OneDrive\\Olyxee\\Projects\\Addup\\src\\state\\stateManager.ts","statementMap":{"0":{"start":{"line":12,"column":0},"end":{"line":12,"column":16}},"1":{"start":{"line":23,"column":0},"end":{"line":23,"column":16}},"2":{"start":{"line":8,"column":0},"end":{"line":8,"column":51}},"3":{"start":{"line":10,"column":20},"end":{"line":10,"column":28}},"4":{"start":{"line":13,"column":15},"end":{"line":13,"column":77}},"5":{"start":{"line":14,"column":4},"end":{"line":14,"column":23}},"6":{"start":{"line":15,"column":16},"end":{"line":15,"column":57}},"7":{"start":{"line":16,"column":19},"end":{"line":16,"column":37}},"8":{"start":{"line":17,"column":16},"end":{"line":17,"column":33}},"9":{"start":{"line":19,"column":4},"end":{"line":19,"column":45}},"10":{"start":{"line":20,"column":4},"end":{"line":20,"column":15}},"11":{"start":{"line":24,"column":4},"end":{"line":24,"column":29}},"12":{"start":{"line":27,"column":0},"end":{"line":27,"column":37}}},"fnMap":{"0":{"name":"createJob","decl":{"start":{"line":12,"column":16},"end":{"line":12,"column":25}},"loc":{"start":{"line":12,"column":55},"end":{"line":21,"column":1}}},"1":{"name":"getJob","decl":{"start":{"line":23,"column":16},"end":{"line":23,"column":22}},"loc":{"start":{"line":23,"column":37},"end":{"line":25,"column":1}}}},"branchMap":{"0":{"loc":{"start":{"line":19,"column":29},"end":{"line":19,"column":43}},"type":"binary-expr","locations":[{"start":{"line":19,"column":29},"end":{"line":19,"column":35}},{"start":{"line":19,"column":39},"end":{"line":19,"column":43}}]}},"s":{"0":1,"1":1,"2":1,"3":1,"4":1,"5":1,"6":1,"7":1,"8":1,"9":1,"10":1,"11":0,"12":1},"f":{"0":1,"1":0},"b":{"0":[1,0]}}
,"C:\\Users\\Mr_ScoField\\OneDrive\\Olyxee\\Projects\\Addup\\src\\validators\\transactionValidator.ts": {"path":"C:\\Users\\Mr_ScoField\\OneDrive\\Olyxee\\Projects\\Addup\\src\\validators\\transactionValidator.ts","statementMap":{"0":{"start":{"line":5,"column":0},"end":{"line":5,"column":16}},"1":{"start":{"line":6,"column":26},"end":{"line":6,"column":28}},"2":{"start":{"line":7,"column":31},"end":{"line":7,"column":33}},"3":{"start":{"line":9,"column":4},"end":{"line":19,"column":7}},"4":{"start":{"line":10,"column":36},"end":{"line":10,"column":38}},"5":{"start":{"line":11,"column":8},"end":{"line":11,"column":52}},"6":{"start":{"line":11,"column":21},"end":{"line":11,"column":52}},"7":{"start":{"line":12,"column":8},"end":{"line":12,"column":101}},"8":{"start":{"line":12,"column":68},"end":{"line":12,"column":101}},"9":{"start":{"line":13,"column":8},"end":{"line":13,"column":58}},"10":{"start":{"line":13,"column":24},"end":{"line":13,"column":58}},"11":{"start":{"line":15,"column":8},"end":{"line":17,"column":9}},"12":{"start":{"line":16,"column":12},"end":{"line":16,"column":69}},"13":{"start":{"line":18,"column":8},"end":{"line":18,"column":20}},"14":{"start":{"line":21,"column":4},"end":{"line":21,"column":41}},"15":{"start":{"line":24,"column":0},"end":{"line":24,"column":40}}},"fnMap":{"0":{"name":"validateTransactions","decl":{"start":{"line":5,"column":16},"end":{"line":5,"column":36}},"loc":{"start":{"line":5,"column":56},"end":{"line":22,"column":1}}},"1":{"name":"(anonymous_1)","decl":{"start":{"line":9,"column":17},"end":{"line":9,"column":18}},"loc":{"start":{"line":9,"column":28},"end":{"line":19,"column":5}}}},"branchMap":{"0":{"loc":{"start":{"line":11,"column":8},"end":{"line":11,"column":52}},"type":"if","locations":[{"start":{"line":11,"column":8},"end":{"line":11,"column":52}}]},"1":{"loc":{"start":{"line":12,"column":8},"end":{"line":12,"column":101}},"type":"if","locations":[{"start":{"line":12,"column":8},"end":{"line":12,"column":101}}]},"2":{"loc":{"start":{"line":12,"column":12},"end":{"line":12,"column":66}},"type":"binary-expr","locations":[{"start":{"line":12,"column":12},"end":{"line":12,"column":40}},{"start":{"line":12,"column":44},"end":{"line":12,"column":66}}]},"3":{"loc":{"start":{"line":13,"column":8},"end":{"line":13,"column":58}},"type":"if","locations":[{"start":{"line":13,"column":8},"end":{"line":13,"column":58}}]},"4":{"loc":{"start":{"line":15,"column":8},"end":{"line":17,"column":9}},"type":"if","locations":[{"start":{"line":15,"column":8},"end":{"line":17,"column":9}}]}},"s":{"0":2,"1":3,"2":3,"3":3,"4":3,"5":3,"6":1,"7":3,"8":1,"9":3,"10":0,"11":3,"12":1,"13":3,"14":3,"15":2},"f":{"0":3,"1":3},"b":{"0":[1],"1":[1],"2":[3,3],"3":[0],"4":[1]}}
}
