TN:
SF:src\index.ts
FN:14,(anonymous_1)
FNF:1
FNH:0
FNDA:0,(anonymous_1)
DA:1,1
DA:2,1
DA:3,1
DA:4,1
DA:6,1
DA:7,1
DA:9,1
DA:11,1
DA:13,1
DA:14,0
DA:15,0
DA:19,1
LF:12
LH:10
BRDA:11,0,0,1
BRDA:11,0,1,1
BRDA:13,1,0,0
BRF:3
BRH:2
end_of_record
TN:
SF:src\logger.ts
FNF:0
FNH:0
DA:1,1
DA:3,1
DA:5,1
LF:3
LH:3
BRDA:3,0,0,1
BRDA:3,0,1,1
BRF:2
BRH:2
end_of_record
TN:
SF:src\controllers\reconciliation.controller.ts
FN:4,uploadController
FN:21,getJobController
FN:25,(anonymous_11)
FNF:3
FNH:1
FNDA:1,uploadController
FNDA:0,getJobController
FNDA:0,(anonymous_11)
DA:2,1
DA:4,1
DA:5,1
DA:6,1
DA:7,1
DA:8,1
DA:10,1
DA:11,0
DA:14,1
DA:15,1
DA:17,0
DA:21,1
DA:22,0
DA:23,0
DA:24,0
DA:25,0
DA:26,0
DA:27,0
DA:28,0
DA:30,0
DA:34,1
LF:21
LH:11
BRDA:10,0,0,0
BRDA:10,1,0,1
BRDA:10,1,1,1
BRDA:17,2,0,0
BRDA:17,2,1,0
BRDA:24,3,0,0
BRDA:27,4,0,0
BRDA:30,5,0,0
BRDA:30,5,1,0
BRF:9
BRH:2
end_of_record
TN:
SF:src\db\store.ts
FN:7,ensureDir
FN:12,insertJob
FN:19,getJobRow
FNF:3
FNH:2
FNDA:1,ensureDir
FNDA:1,insertJob
FNDA:0,getJobRow
DA:1,1
DA:2,1
DA:4,1
DA:5,1
DA:8,1
DA:9,1
DA:12,1
DA:13,1
DA:14,1
DA:15,1
DA:16,1
DA:19,1
DA:20,0
DA:21,0
DA:22,0
DA:23,0
DA:24,0
DA:27,1
LF:18
LH:13
BRDA:4,0,0,1
BRDA:4,0,1,1
BRDA:8,1,0,0
BRDA:9,2,0,0
BRDA:14,3,0,1
BRDA:14,3,1,0
BRDA:15,4,0,1
BRDA:15,4,1,0
BRDA:21,5,0,0
BRDA:21,5,1,0
BRDA:23,6,0,0
BRDA:24,7,0,0
BRDA:24,7,1,0
BRF:13
BRH:4
end_of_record
TN:
SF:src\normalizers\bankNormalizer.ts
FN:1,bankNormalizer
FNF:1
FNH:1
FNDA:2,bankNormalizer
DA:1,2
DA:2,2
DA:10,2
LF:3
LH:3
BRDA:3,0,0,2
BRDA:3,0,1,0
BRDA:3,0,2,0
BRDA:4,1,0,2
BRDA:4,1,1,0
BRDA:4,1,2,0
BRDA:5,2,0,2
BRDA:5,2,1,1
BRDA:6,3,0,2
BRDA:6,3,1,1
BRDA:7,4,0,2
BRDA:7,4,1,2
BRDA:8,5,0,2
BRDA:8,5,1,2
BRDA:8,5,2,2
BRF:15
BRH:11
end_of_record
TN:
SF:src\normalizers\ledgerNormalizer.ts
FN:1,ledgerNormalizer
FNF:1
FNH:1
FNDA:1,ledgerNormalizer
DA:1,2
DA:2,1
DA:10,1
LF:3
LH:3
BRDA:3,0,0,1
BRDA:3,0,1,0
BRDA:3,0,2,0
BRDA:4,1,0,1
BRDA:4,1,1,0
BRDA:4,1,2,0
BRDA:5,2,0,1
BRDA:5,2,1,0
BRDA:6,3,0,1
BRDA:6,3,1,1
BRDA:7,4,0,1
BRDA:7,4,1,1
BRDA:8,5,0,1
BRDA:8,5,1,1
BRDA:8,5,2,1
BRF:15
BRH:10
end_of_record
TN:
SF:src\normalizers\transactionNormalizer.ts
FN:7,normalizeTransactionsBatch
FN:9,(anonymous_2)
FN:57,sortedKeys
FNF:3
FNH:3
FNDA:3,normalizeTransactionsBatch
FNDA:3,(anonymous_2)
FNDA:30,sortedKeys
DA:2,2
DA:3,2
DA:4,2
DA:5,2
DA:7,2
DA:8,3
DA:9,3
DA:10,3
DA:11,3
DA:12,3
DA:13,3
DA:16,3
DA:17,1
DA:18,1
DA:19,1
DA:21,1
DA:22,1
DA:23,1
DA:24,1
DA:25,1
DA:28,1
DA:29,0
DA:30,0
DA:35,3
DA:36,3
DA:37,3
DA:38,3
DA:40,3
DA:53,3
DA:58,30
DA:59,6
DA:60,6
DA:61,6
DA:62,27
DA:63,6
DA:66,2
LF:36
LH:34
BRDA:8,0,0,2
BRDA:8,0,1,1
BRDA:16,1,0,1
BRDA:16,2,0,3
BRDA:16,2,1,1
BRDA:16,2,2,1
BRDA:16,2,3,1
BRDA:16,2,4,1
BRDA:17,3,0,1
BRDA:17,3,1,0
BRDA:18,4,0,1
BRDA:18,5,0,1
BRDA:18,5,1,1
BRDA:25,6,0,0
BRDA:28,7,0,0
BRDA:30,8,0,0
BRDA:44,9,0,3
BRDA:44,9,1,0
BRDA:58,10,0,24
BRDA:58,11,0,30
BRDA:58,11,1,30
BRDA:59,12,0,0
BRF:22
BRH:16
end_of_record
TN:
SF:src\normalizers\utils.ts
FN:1,normalizeDate
FN:48,normalizeAmount
FNF:2
FNH:2
FNDA:3,normalizeDate
FNDA:3,normalizeAmount
DA:1,2
DA:2,3
DA:3,3
DA:5,3
DA:6,3
DA:7,1
DA:8,1
DA:10,1
DA:11,0
DA:13,1
DA:14,1
DA:15,1
DA:16,1
DA:20,2
DA:21,2
DA:22,2
DA:23,2
DA:24,2
DA:28,0
DA:29,0
DA:30,0
DA:31,0
DA:33,0
DA:34,0
DA:35,0
DA:36,0
DA:40,0
DA:41,0
DA:42,0
DA:45,0
DA:48,2
DA:49,3
DA:50,2
DA:52,2
DA:54,2
DA:55,2
DA:56,2
DA:57,2
DA:59,1
DA:60,1
DA:61,1
DA:62,1
DA:63,1
DA:64,0
DA:65,0
LF:45
LH:30
BRDA:2,0,0,0
BRDA:6,1,0,1
BRDA:10,2,0,0
BRDA:16,3,0,1
BRDA:21,4,0,2
BRDA:24,5,0,2
BRDA:29,6,0,0
BRDA:36,7,0,0
BRDA:41,8,0,0
BRDA:49,9,0,2
BRDA:49,10,0,3
BRDA:49,10,1,1
BRDA:55,11,0,0
BRDA:57,12,0,2
BRDA:57,12,1,0
BRDA:59,13,0,1
BRDA:59,13,1,0
BRDA:60,14,0,1
BRDA:60,14,1,1
BRDA:61,15,0,1
BRDA:61,15,1,0
BRDA:62,16,0,1
BRDA:62,16,1,1
BRDA:63,17,0,1
BRDA:63,18,0,1
BRDA:63,18,1,1
BRDA:64,19,0,0
BRDA:64,20,0,0
BRDA:64,20,1,0
BRF:29
BRH:17
end_of_record
TN:
SF:src\parsers\csvCleaner.ts
FN:5,cleanCSVBuffer
FN:12,(anonymous_1)
FN:20,(anonymous_2)
FN:27,(anonymous_3)
FNF:4
FNH:2
FNDA:4,cleanCSVBuffer
FNDA:3,(anonymous_1)
FNDA:0,(anonymous_2)
FNDA:0,(anonymous_3)
DA:1,3
DA:5,3
DA:6,4
DA:7,4
DA:8,3
DA:10,3
DA:11,3
DA:12,3
DA:17,0
DA:18,0
DA:20,0
DA:21,0
DA:22,0
DA:24,0
DA:25,0
DA:26,0
DA:27,0
DA:28,0
DA:29,0
DA:30,0
DA:31,0
DA:32,0
DA:34,0
DA:35,0
DA:36,0
DA:37,0
DA:40,0
DA:41,0
DA:42,0
DA:43,0
DA:44,0
DA:45,0
DA:49,0
DA:52,3
LF:34
LH:9
BRDA:7,0,0,1
BRDA:7,1,0,4
BRDA:7,1,1,4
BRDA:18,2,0,0
BRDA:18,3,0,0
BRDA:18,3,1,0
BRDA:20,4,0,0
BRDA:20,4,1,0
BRDA:27,5,0,0
BRDA:27,6,0,0
BRDA:27,6,1,0
BRDA:27,6,2,0
BRDA:28,7,0,0
BRDA:28,7,1,0
BRDA:30,8,0,0
BRDA:30,8,1,0
BRDA:32,9,0,0
BRDA:32,9,1,0
BRDA:35,10,0,0
BRDA:35,10,1,0
BRDA:35,11,0,0
BRDA:35,11,1,0
BRDA:41,12,0,0
BRDA:41,12,1,0
BRDA:43,13,0,0
BRDA:43,13,1,0
BRF:26
BRH:3
end_of_record
TN:
SF:src\parsers\csvParser.ts
FN:4,parseCSVBuffer
FN:9,parseCSVWithReport
FNF:2
FNH:2
FNDA:2,parseCSVBuffer
FNDA:2,parseCSVWithReport
DA:2,3
DA:4,3
DA:5,2
DA:6,2
DA:9,3
DA:10,2
DA:13,3
LF:7
LH:7
BRF:0
BRH:0
end_of_record
TN:
SF:src\parsers\fileTypeDetector.ts
FN:1,detectFileType
FNF:1
FNH:1
FNDA:5,detectFileType
DA:1,2
DA:2,5
DA:3,5
DA:4,5
DA:5,2
DA:6,2
DA:7,1
DA:8,0
DA:11,2
LF:9
LH:8
BRDA:2,0,0,5
BRDA:2,0,1,0
BRDA:4,1,0,3
BRDA:4,2,0,5
BRDA:4,2,1,5
BRDA:5,3,0,0
BRDA:6,4,0,1
BRDA:6,5,0,2
BRDA:6,5,1,2
BRDA:7,6,0,1
BRF:10
BRH:8
end_of_record
TN:
SF:src\parsers\xlsxParser.ts
FN:3,parseXLSXBuffer
FNF:1
FNH:0
FNDA:0,parseXLSXBuffer
DA:1,1
DA:3,1
DA:4,0
DA:5,0
DA:6,0
DA:7,0
DA:8,0
DA:9,0
DA:12,1
LF:9
LH:3
BRDA:4,0,0,0
BRDA:4,1,0,0
BRDA:4,1,1,0
BRF:3
BRH:0
end_of_record
TN:
SF:src\routes\reconciliation.routes.ts
FNF:0
FNH:0
DA:1,1
DA:2,1
DA:3,1
DA:4,1
DA:6,1
DA:7,1
DA:9,1
DA:14,1
DA:16,1
LF:9
LH:9
BRF:0
BRH:0
end_of_record
TN:
SF:src\services\reconciliation.service.ts
FN:11,processUpload
FN:37,(anonymous_1)
FN:42,(anonymous_2)
FN:69,(anonymous_3)
FN:69,(anonymous_4)
FNF:5
FNH:3
FNDA:1,processUpload
FNDA:1,(anonymous_1)
FNDA:1,(anonymous_2)
FNDA:0,(anonymous_3)
FNDA:0,(anonymous_4)
DA:2,1
DA:3,1
DA:4,1
DA:5,1
DA:6,1
DA:7,1
DA:8,1
DA:11,1
DA:12,1
DA:13,1
DA:15,1
DA:16,1
DA:18,1
DA:19,1
DA:21,1
DA:22,1
DA:23,1
DA:24,1
DA:26,1
DA:27,0
DA:34,1
DA:36,1
DA:38,1
DA:39,1
DA:40,1
DA:42,1
DA:44,1
DA:46,1
DA:47,1
DA:49,1
DA:56,1
DA:69,0
DA:72,1
DA:74,1
DA:83,1
LF:35
LH:33
BRDA:18,0,0,1
BRDA:18,0,1,0
BRDA:18,1,0,0
BRDA:18,1,1,0
BRDA:19,2,0,1
BRDA:19,2,1,0
BRDA:19,3,0,0
BRDA:19,3,1,0
BRDA:21,4,0,1
BRDA:21,4,1,0
BRDA:22,5,0,1
BRDA:22,5,1,0
BRDA:23,6,0,1
BRDA:23,6,1,0
BRDA:24,7,0,1
BRDA:24,7,1,0
BRDA:26,8,0,0
BRDA:26,9,0,1
BRDA:26,9,1,1
BRDA:38,10,0,0
BRDA:38,11,0,1
BRDA:38,11,1,1
BRDA:40,12,0,0
BRDA:40,12,1,1
BRDA:59,13,0,1
BRDA:59,13,1,0
BRDA:65,14,0,1
BRDA:65,14,1,0
BRDA:69,15,0,1
BRDA:69,15,1,0
BRDA:69,16,0,1
BRDA:69,16,1,0
BRF:32
BRH:15
end_of_record
TN:
SF:src\state\checksum.ts
FN:3,checksumBuffer
FNF:1
FNH:1
FNDA:4,checksumBuffer
DA:1,2
DA:3,2
DA:4,4
DA:7,2
LF:4
LH:4
BRF:0
BRH:0
end_of_record
TN:
SF:src\state\stateManager.ts
FN:12,createJob
FN:23,getJob
FNF:2
FNH:1
FNDA:1,createJob
FNDA:0,getJob
DA:8,1
DA:10,1
DA:12,1
DA:13,1
DA:14,1
DA:15,1
DA:16,1
DA:17,1
DA:19,1
DA:20,1
DA:23,1
DA:24,0
DA:27,1
LF:13
LH:12
BRDA:19,0,0,1
BRDA:19,0,1,0
BRF:2
BRH:1
end_of_record
TN:
SF:src\validators\transactionValidator.ts
FN:5,validateTransactions
FN:9,(anonymous_1)
FNF:2
FNH:2
FNDA:3,validateTransactions
FNDA:3,(anonymous_1)
DA:5,2
DA:6,3
DA:7,3
DA:9,3
DA:10,3
DA:11,3
DA:12,3
DA:13,3
DA:15,3
DA:16,1
DA:18,3
DA:21,3
DA:24,2
LF:13
LH:13
BRDA:11,0,0,1
BRDA:12,1,0,1
BRDA:12,2,0,3
BRDA:12,2,1,3
BRDA:13,3,0,0
BRDA:15,4,0,1
BRF:6
BRH:5
end_of_record
